[0814/184643:ERROR:file_io.cc(41)] write: The pipe is being closed. (0xE8)
[0814/230132:ERROR:process_info.cc(608)] range at 0xfffde000, size 0x230 fully unreadable
[0814/230133:ERROR:process_info.cc(608)] range at 0xfffdd000, size 0xf84 fully unreadable
[0814/230133:ERROR:process_info.cc(608)] range at 0xfffda000, size 0xf84 fully unreadable
[0814/230133:ERROR:process_info.cc(608)] range at 0xfffd7000, size 0xf84 fully unreadable
[0814/230133:ERROR:process_info.cc(608)] range at 0xfff9f000, size 0xf84 fully unreadable
[0814/230133:ERROR:process_info.cc(608)] range at 0xfff9c000, size 0xf84 fully unreadable
[0814/230133:ERROR:process_info.cc(608)] range at 0xfff99000, size 0xf84 fully unreadable
[0814/230133:ERROR:process_info.cc(608)] range at 0xfff96000, size 0xf84 fully unreadable
[0814/230133:ERROR:process_info.cc(608)] range at 0xfff93000, size 0xf84 fully unreadable
[0814/230133:ERROR:process_info.cc(608)] range at 0xfff90000, size 0xf84 fully unreadable
[0814/230133:ERROR:process_info.cc(608)] range at 0xfff8d000, size 0xf84 fully unreadable
[0814/230133:ERROR:process_info.cc(608)] range at 0xfff75000, size 0xf84 fully unreadable
[0814/230133:ERROR:process_info.cc(608)] range at 0xfff72000, size 0xf84 fully unreadable
[0814/230133:ERROR:process_info.cc(608)] range at 0xfff8a000, size 0xf84 fully unreadable
[0814/230133:ERROR:process_info.cc(608)] range at 0xfff87000, size 0xf84 fully unreadable
[0814/230133:ERROR:process_info.cc(608)] range at 0xfff84000, size 0xf84 fully unreadable
[0814/230133:ERROR:process_info.cc(608)] range at 0xfff81000, size 0xf84 fully unreadable
[0814/230133:ERROR:process_info.cc(608)] range at 0xfff7e000, size 0xf84 fully unreadable
[0814/230133:ERROR:process_info.cc(608)] range at 0xfff7b000, size 0xf84 fully unreadable
[0814/230133:ERROR:process_info.cc(608)] range at 0xfff78000, size 0xf84 fully unreadable
[0814/230133:ERROR:process_info.cc(608)] range at 0xfff45000, size 0xf84 fully unreadable
[0814/230133:ERROR:process_info.cc(608)] range at 0xfff42000, size 0xf84 fully unreadable
[0814/230133:ERROR:process_info.cc(608)] range at 0xfff3f000, size 0xf84 fully unreadable
[0814/230133:ERROR:process_info.cc(608)] range at 0xfff3c000, size 0xf84 fully unreadable
[0814/230133:ERROR:process_info.cc(608)] range at 0xfff39000, size 0xf84 fully unreadable
[0814/230133:ERROR:process_info.cc(608)] range at 0xfff36000, size 0xf84 fully unreadable
[0814/230133:ERROR:process_info.cc(608)] range at 0xfff33000, size 0xf84 fully unreadable
[0814/230133:ERROR:process_info.cc(608)] range at 0xfff30000, size 0xf84 fully unreadable
[0814/230133:ERROR:process_info.cc(608)] range at 0xfff2d000, size 0xf84 fully unreadable
[0814/230133:ERROR:process_info.cc(608)] range at 0xfff2a000, size 0xf84 fully unreadable
[0814/230133:ERROR:process_info.cc(608)] range at 0xfff27000, size 0xf84 fully unreadable
[0814/230133:ERROR:process_info.cc(608)] range at 0xfff24000, size 0xf84 fully unreadable
[0814/230133:ERROR:process_info.cc(608)] range at 0xfff21000, size 0xf84 fully unreadable
[0814/230133:ERROR:process_info.cc(608)] range at 0xfff1e000, size 0xf84 fully unreadable
[0814/230133:ERROR:process_info.cc(608)] range at 0xfff6f000, size 0xf84 fully unreadable
[0814/230133:ERROR:process_info.cc(608)] range at 0xfff6c000, size 0xf84 fully unreadable
[0814/230133:ERROR:process_info.cc(608)] range at 0xfff69000, size 0xf84 fully unreadable
[0814/230133:ERROR:process_info.cc(608)] range at 0xfff66000, size 0xf84 fully unreadable
[0814/230133:ERROR:process_info.cc(608)] range at 0xfff63000, size 0xf84 fully unreadable
[0814/230133:ERROR:process_info.cc(608)] range at 0xfff60000, size 0xf84 fully unreadable
[0814/230133:ERROR:process_info.cc(608)] range at 0xfff5d000, size 0xf84 fully unreadable
[0814/233742:ERROR:process_info.cc(608)] range at 0xfffde000, size 0x230 fully unreadable
[0814/233742:ERROR:process_reader_win.cc(233)] ReadMemory at 0x4939a0 of 65536 bytes failed: Only part of a ReadProcessMemory or WriteProcessMemory request was completed. (0x12B)
[0814/233742:ERROR:process_reader_win.cc(233)] ReadMemory at 0x775620c0 of 24 bytes failed: Only part of a ReadProcessMemory or WriteProcessMemory request was completed. (0x12B)
[0814/233742:ERROR:process_snapshot_win.cc(527)] failed to read RTL_CRITICAL_SECTION
[0814/233742:ERROR:process_reader_win.cc(233)] ReadMemory at 0x1340000 of 64 bytes failed: Only part of a ReadProcessMemory or WriteProcessMemory request was completed. (0x12B)
[0814/233742:WARNING:pe_image_reader.cc(281)] could not read dos header from C:\Program Files (x86)\Google\Chrome\Application\chrome.exe
[0814/233742:ERROR:process_reader_win.cc(233)] ReadMemory at 0x77460000 of 64 bytes failed: Only part of a ReadProcessMemory or WriteProcessMemory request was completed. (0x12B)
[0814/233742:WARNING:pe_image_reader.cc(281)] could not read dos header from C:\Windows\SysWOW64\ntdll.dll
[0814/233742:ERROR:process_reader_win.cc(233)] ReadMemory at 0x76e30000 of 64 bytes failed: Only part of a ReadProcessMemory or WriteProcessMemory request was completed. (0x12B)
[0814/233742:WARNING:pe_image_reader.cc(281)] could not read dos header from C:\Windows\syswow64\KERNELBASE.dll
[0814/233742:ERROR:process_reader_win.cc(233)] ReadMemory at 0x76c90000 of 64 bytes failed: Only part of a ReadProcessMemory or WriteProcessMemory request was completed. (0x12B)
[0814/233742:WARNING:pe_image_reader.cc(281)] could not read dos header from C:\Windows\syswow64\kernel32.dll
[0814/233742:ERROR:process_reader_win.cc(233)] ReadMemory at 0x760b0000 of 64 bytes failed: Only part of a ReadProcessMemory or WriteProcessMemory request was completed. (0x12B)
[0814/233742:WARNING:pe_image_reader.cc(281)] could not read dos header from C:\Windows\syswow64\msvcrt.dll
[0814/233742:ERROR:process_reader_win.cc(233)] ReadMemory at 0x74df0000 of 64 bytes failed: Only part of a ReadProcessMemory or WriteProcessMemory request was completed. (0x12B)
[0814/233742:WARNING:pe_image_reader.cc(281)] could not read dos header from C:\Windows\syswow64\CRYPTBASE.dll
[0814/233742:ERROR:process_reader_win.cc(233)] ReadMemory at 0x74e00000 of 64 bytes failed: Only part of a ReadProcessMemory or WriteProcessMemory request was completed. (0x12B)
[0814/233742:WARNING:pe_image_reader.cc(281)] could not read dos header from C:\Windows\syswow64\SspiCli.dll
[0814/233742:ERROR:process_reader_win.cc(233)] ReadMemory at 0x76160000 of 64 bytes failed: Only part of a ReadProcessMemory or WriteProcessMemory request was completed. (0x12B)
[0814/233742:WARNING:pe_image_reader.cc(281)] could not read dos header from C:\Windows\syswow64\RPCRT4.dll
[0814/233742:ERROR:process_reader_win.cc(233)] ReadMemory at 0x76e00000 of 64 bytes failed: Only part of a ReadProcessMemory or WriteProcessMemory request was completed. (0x12B)
[0814/233742:WARNING:pe_image_reader.cc(281)] could not read dos header from C:\Windows\SysWOW64\sechost.dll
[0814/233742:ERROR:process_reader_win.cc(233)] ReadMemory at 0x75190000 of 64 bytes failed: Only part of a ReadProcessMemory or WriteProcessMemory request was completed. (0x12B)
[0814/233742:WARNING:pe_image_reader.cc(281)] could not read dos header from C:\Windows\syswow64\ADVAPI32.dll
[0814/233742:ERROR:process_reader_win.cc(233)] ReadMemory at 0x6c650000 of 64 bytes failed: Only part of a ReadProcessMemory or WriteProcessMemory request was completed. (0x12B)
[0814/233742:WARNING:pe_image_reader.cc(281)] could not read dos header from C:\Program Files (x86)\Google\Chrome\Application\52.0.2743.116\chrome_elf.dll
[0814/233742:ERROR:process_reader_win.cc(233)] ReadMemory at 0x734f0000 of 64 bytes failed: Only part of a ReadProcessMemory or WriteProcessMemory request was completed. (0x12B)
[0814/233742:WARNING:pe_image_reader.cc(281)] could not read dos header from C:\Windows\system32\VERSION.dll
[0814/233742:ERROR:process_reader_win.cc(233)] ReadMemory at 0x74fd0000 of 64 bytes failed: Only part of a ReadProcessMemory or WriteProcessMemory request was completed. (0x12B)
[0814/233742:WARNING:pe_image_reader.cc(281)] could not read dos header from C:\Windows\syswow64\USP10.dll
[0814/233742:ERROR:process_reader_win.cc(233)] ReadMemory at 0x767e0000 of 64 bytes failed: Only part of a ReadProcessMemory or WriteProcessMemory request was completed. (0x12B)
[0814/233742:WARNING:pe_image_reader.cc(281)] could not read dos header from C:\Windows\syswow64\LPK.dll
[0814/233742:ERROR:process_reader_win.cc(233)] ReadMemory at 0x76ba0000 of 64 bytes failed: Only part of a ReadProcessMemory or WriteProcessMemory request was completed. (0x12B)
[0814/233742:WARNING:pe_image_reader.cc(281)] could not read dos header from C:\Windows\syswow64\GDI32.dll
[0814/233742:ERROR:process_reader_win.cc(233)] ReadMemory at 0x766e0000 of 64 bytes failed: Only part of a ReadProcessMemory or WriteProcessMemory request was completed. (0x12B)
[0814/233742:WARNING:pe_image_reader.cc(281)] could not read dos header from C:\Windows\syswow64\USER32.dll
[0814/233742:ERROR:process_reader_win.cc(233)] ReadMemory at 0x745e0000 of 64 bytes failed: Only part of a ReadProcessMemory or WriteProcessMemory request was completed. (0x12B)
[0814/233742:WARNING:pe_image_reader.cc(281)] could not read dos header from C:\Windows\system32\WINMM.dll
[0814/233742:ERROR:process_reader_win.cc(233)] ReadMemory at 0x77430000 of 64 bytes failed: Only part of a ReadProcessMemory or WriteProcessMemory request was completed. (0x12B)
[0814/233742:WARNING:pe_image_reader.cc(281)] could not read dos header from C:\Windows\syswow64\profapi.dll
[0814/233742:ERROR:process_reader_win.cc(233)] ReadMemory at 0x76290000 of 64 bytes failed: Only part of a ReadProcessMemory or WriteProcessMemory request was completed. (0x12B)
[0814/233742:WARNING:pe_image_reader.cc(281)] could not read dos header from C:\Windows\syswow64\USERENV.dll
[0814/233742:ERROR:process_reader_win.cc(233)] ReadMemory at 0x734a0000 of 64 bytes failed: Only part of a ReadProcessMemory or WriteProcessMemory request was completed. (0x12B)
[0814/233742:WARNING:pe_image_reader.cc(281)] could not read dos header from C:\Windows\system32\WTSAPI32.dll
[0814/233742:ERROR:process_reader_win.cc(233)] ReadMemory at 0x73920000 of 64 bytes failed: Only part of a ReadProcessMemory or WriteProcessMemory request was completed. (0x12B)
[0814/233742:WARNING:pe_image_reader.cc(281)] could not read dos header from C:\Windows\system32\webio.dll
[0814/233742:ERROR:process_reader_win.cc(233)] ReadMemory at 0x73970000 of 64 bytes failed: Only part of a ReadProcessMemory or WriteProcessMemory request was completed. (0x12B)
[0814/233742:WARNING:pe_image_reader.cc(281)] could not read dos header from C:\Windows\system32\WINHTTP.dll
[0814/233742:ERROR:process_reader_win.cc(233)] ReadMemory at 0x75fe0000 of 64 bytes failed: Only part of a ReadProcessMemory or WriteProcessMemory request was completed. (0x12B)
[0814/233742:WARNING:pe_image_reader.cc(281)] could not read dos header from C:\Windows\syswow64\MSCTF.dll
[0814/233742:ERROR:process_reader_win.cc(233)] ReadMemory at 0x76da0000 of 64 bytes failed: Only part of a ReadProcessMemory or WriteProcessMemory request was completed. (0x12B)
[0814/233742:WARNING:pe_image_reader.cc(281)] could not read dos header from C:\Windows\system32\IMM32.DLL
[0814/233742:ERROR:process_reader_win.cc(233)] ReadMemory at 0x76880000 of 64 bytes failed: Only part of a ReadProcessMemory or WriteProcessMemory request was completed. (0x12B)
[0814/233742:WARNING:pe_image_reader.cc(281)] could not read dos header from C:\Windows\syswow64\SHLWAPI.dll
[0814/233742:ERROR:process_reader_win.cc(233)] ReadMemory at 0x75370000 of 64 bytes failed: Only part of a ReadProcessMemory or WriteProcessMemory request was completed. (0x12B)
[0814/233742:WARNING:pe_image_reader.cc(281)] could not read dos header from C:\Windows\syswow64\SHELL32.dll
[0814/233742:ERROR:process_reader_win.cc(233)] ReadMemory at 0x76500000 of 64 bytes failed: Only part of a ReadProcessMemory or WriteProcessMemory request was completed. (0x12B)
[0814/233742:WARNING:pe_image_reader.cc(281)] could not read dos header from C:\Windows\syswow64\PSAPI.DLL
[0814/233742:ERROR:process_reader_win.cc(233)] ReadMemory at 0x74a70000 of 64 bytes failed: Only part of a ReadProcessMemory or WriteProcessMemory request was completed. (0x12B)
[0814/233742:WARNING:pe_image_reader.cc(281)] could not read dos header from C:\Windows\system32\WINSPOOL.DRV
[0814/233742:ERROR:process_reader_win.cc(233)] ReadMemory at 0x732a0000 of 64 bytes failed: Only part of a ReadProcessMemory or WriteProcessMemory request was completed. (0x12B)
[0814/233742:WARNING:pe_image_reader.cc(281)] could not read dos header from C:\Windows\WinSxS\x86_microsoft.windows.common-controls_6595b64144ccf1df_6.0.7601.17514_none_41e6975e2bd6f2b2\COMCTL32.dll
[0814/233742:ERROR:process_reader_win.cc(233)] ReadMemory at 0x75230000 of 64 bytes failed: Only part of a ReadProcessMemory or WriteProcessMemory request was completed. (0x12B)
[0814/233742:WARNING:pe_image_reader.cc(281)] could not read dos header from C:\Windows\syswow64\COMDLG32.dll
[0814/233742:ERROR:process_reader_win.cc(233)] ReadMemory at 0x76a30000 of 64 bytes failed: Only part of a ReadProcessMemory or WriteProcessMemory request was completed. (0x12B)
[0814/233742:WARNING:pe_image_reader.cc(281)] could not read dos header from C:\Windows\syswow64\ole32.dll
[0814/233742:ERROR:process_reader_win.cc(233)] ReadMemory at 0x750a0000 of 64 bytes failed: Only part of a ReadProcessMemory or WriteProcessMemory request was completed. (0x12B)
[0814/233742:WARNING:pe_image_reader.cc(281)] could not read dos header from C:\Windows\syswow64\OLEAUT32.dll
[0814/233742:ERROR:process_reader_win.cc(233)] ReadMemory at 0x752b0000 of 64 bytes failed: Only part of a ReadProcessMemory or WriteProcessMemory request was completed. (0x12B)
[0814/233742:WARNING:pe_image_reader.cc(281)] could not read dos header from C:\Windows\syswow64\NSI.dll
[0814/233742:ERROR:process_reader_win.cc(233)] ReadMemory at 0x736c0000 of 64 bytes failed: Only part of a ReadProcessMemory or WriteProcessMemory request was completed. (0x12B)
[0814/233742:WARNING:pe_image_reader.cc(281)] could not read dos header from C:\Windows\system32\WINNSI.DLL
[0814/233742:ERROR:process_reader_win.cc(233)] ReadMemory at 0x736d0000 of 64 bytes failed: Only part of a ReadProcessMemory or WriteProcessMemory request was completed. (0x12B)
[0814/233742:WARNING:pe_image_reader.cc(281)] could not read dos header from C:\Windows\system32\IPHLPAPI.DLL
[0814/233742:ERROR:process_reader_win.cc(233)] ReadMemory at 0x74f90000 of 64 bytes failed: Only part of a ReadProcessMemory or WriteProcessMemory request was completed. (0x12B)
[0814/233742:WARNING:pe_image_reader.cc(281)] could not read dos header from C:\Windows\syswow64\WS2_32.dll
[0814/233742:ERROR:process_reader_win.cc(233)] ReadMemory at 0x764f0000 of 64 bytes failed: Only part of a ReadProcessMemory or WriteProcessMemory request was completed. (0x12B)
[0814/233742:WARNING:pe_image_reader.cc(281)] could not read dos header from C:\Windows\syswow64\MSASN1.dll
[0814/233742:ERROR:process_reader_win.cc(233)] ReadMemory at 0x74e70000 of 64 bytes failed: Only part of a ReadProcessMemory or WriteProcessMemory request was completed. (0x12B)
[0814/233742:WARNING:pe_image_reader.cc(281)] could not read dos header from C:\Windows\syswow64\CRYPT32.dll
[0814/233742:ERROR:process_reader_win.cc(233)] ReadMemory at 0x75070000 of 64 bytes failed: Only part of a ReadProcessMemory or WriteProcessMemory request was completed. (0x12B)
[0814/233742:WARNING:pe_image_reader.cc(281)] could not read dos header from C:\Windows\syswow64\WINTRUST.dll
[0814/233742:ERROR:process_reader_win.cc(233)] ReadMemory at 0x734e0000 of 64 bytes failed: Only part of a ReadProcessMemory or WriteProcessMemory request was completed. (0x12B)
[0814/233742:WARNING:pe_image_reader.cc(281)] could not read dos header from C:\Windows\system32\Secur32.dll
[0814/233742:ERROR:process_reader_win.cc(233)] ReadMemory at 0x578a0000 of 64 bytes failed: Only part of a ReadProcessMemory or WriteProcessMemory request was completed. (0x12B)
[0814/233742:WARNING:pe_image_reader.cc(281)] could not read dos header from C:\Program Files (x86)\Google\Chrome\Application\52.0.2743.116\chrome_child.dll
[0814/233742:ERROR:process_reader_win.cc(233)] ReadMemory at 0x6ed90000 of 64 bytes failed: Only part of a ReadProcessMemory or WriteProcessMemory request was completed. (0x12B)
[0814/233742:WARNING:pe_image_reader.cc(281)] could not read dos header from C:\Windows\system32\dwrite.dll
[0814/233742:ERROR:process_reader_win.cc(233)] ReadMemory at 0x77565120 of 5888 bytes failed: Only part of a ReadProcessMemory or WriteProcessMemory request was completed. (0x12B)
[0814/233742:ERROR:process_reader_win.cc(233)] ReadMemory at 0x1340000 of 64 bytes failed: Only part of a ReadProcessMemory or WriteProcessMemory request was completed. (0x12B)
[0814/233742:WARNING:pe_image_reader.cc(281)] could not read dos header from C:\Program Files (x86)\Google\Chrome\Application\chrome.exe
[0814/233742:ERROR:process_reader_win.cc(233)] ReadMemory at 0x77460000 of 64 bytes failed: Only part of a ReadProcessMemory or WriteProcessMemory request was completed. (0x12B)
[0814/233742:WARNING:pe_image_reader.cc(281)] could not read dos header from C:\Windows\SysWOW64\ntdll.dll
[0814/233742:ERROR:process_reader_win.cc(233)] ReadMemory at 0x76e30000 of 64 bytes failed: Only part of a ReadProcessMemory or WriteProcessMemory request was completed. (0x12B)
[0814/233742:WARNING:pe_image_reader.cc(281)] could not read dos header from C:\Windows\syswow64\KERNELBASE.dll
[0814/233742:ERROR:process_reader_win.cc(233)] ReadMemory at 0x76c90000 of 64 bytes failed: Only part of a ReadProcessMemory or WriteProcessMemory request was completed. (0x12B)
[0814/233742:WARNING:pe_image_reader.cc(281)] could not read dos header from C:\Windows\syswow64\kernel32.dll
[0814/233742:ERROR:process_reader_win.cc(233)] ReadMemory at 0x760b0000 of 64 bytes failed: Only part of a ReadProcessMemory or WriteProcessMemory request was completed. (0x12B)
[0814/233742:WARNING:pe_image_reader.cc(281)] could not read dos header from C:\Windows\syswow64\msvcrt.dll
[0814/233742:ERROR:process_reader_win.cc(233)] ReadMemory at 0x74df0000 of 64 bytes failed: Only part of a ReadProcessMemory or WriteProcessMemory request was completed. (0x12B)
[0814/233742:WARNING:pe_image_reader.cc(281)] could not read dos header from C:\Windows\syswow64\CRYPTBASE.dll
[0814/233742:ERROR:process_reader_win.cc(233)] ReadMemory at 0x74e00000 of 64 bytes failed: Only part of a ReadProcessMemory or WriteProcessMemory request was completed. (0x12B)
[0814/233742:WARNING:pe_image_reader.cc(281)] could not read dos header from C:\Windows\syswow64\SspiCli.dll
[0814/233742:ERROR:process_reader_win.cc(233)] ReadMemory at 0x76160000 of 64 bytes failed: Only part of a ReadProcessMemory or WriteProcessMemory request was completed. (0x12B)
[0814/233742:WARNING:pe_image_reader.cc(281)] could not read dos header from C:\Windows\syswow64\RPCRT4.dll
[0814/233742:ERROR:process_reader_win.cc(233)] ReadMemory at 0x76e00000 of 64 bytes failed: Only part of a ReadProcessMemory or WriteProcessMemory request was completed. (0x12B)
[0814/233742:WARNING:pe_image_reader.cc(281)] could not read dos header from C:\Windows\SysWOW64\sechost.dll
[0814/233742:ERROR:process_reader_win.cc(233)] ReadMemory at 0x75190000 of 64 bytes failed: Only part of a ReadProcessMemory or WriteProcessMemory request was completed. (0x12B)
[0814/233742:WARNING:pe_image_reader.cc(281)] could not read dos header from C:\Windows\syswow64\ADVAPI32.dll
[0814/233742:ERROR:process_reader_win.cc(233)] ReadMemory at 0x6c650000 of 64 bytes failed: Only part of a ReadProcessMemory or WriteProcessMemory request was completed. (0x12B)
[0814/233742:WARNING:pe_image_reader.cc(281)] could not read dos header from C:\Program Files (x86)\Google\Chrome\Application\52.0.2743.116\chrome_elf.dll
[0814/233742:ERROR:process_reader_win.cc(233)] ReadMemory at 0x734f0000 of 64 bytes failed: Only part of a ReadProcessMemory or WriteProcessMemory request was completed. (0x12B)
[0814/233742:WARNING:pe_image_reader.cc(281)] could not read dos header from C:\Windows\system32\VERSION.dll
[0814/233742:ERROR:process_reader_win.cc(233)] ReadMemory at 0x74fd0000 of 64 bytes failed: Only part of a ReadProcessMemory or WriteProcessMemory request was completed. (0x12B)
[0814/233742:WARNING:pe_image_reader.cc(281)] could not read dos header from C:\Windows\syswow64\USP10.dll
[0814/233742:ERROR:process_reader_win.cc(233)] ReadMemory at 0x767e0000 of 64 bytes failed: Only part of a ReadProcessMemory or WriteProcessMemory request was completed. (0x12B)
[0814/233742:WARNING:pe_image_reader.cc(281)] could not read dos header from C:\Windows\syswow64\LPK.dll
[0814/233742:ERROR:process_reader_win.cc(233)] ReadMemory at 0x76ba0000 of 64 bytes failed: Only part of a ReadProcessMemory or WriteProcessMemory request was completed. (0x12B)
[0814/233742:WARNING:pe_image_reader.cc(281)] could not read dos header from C:\Windows\syswow64\GDI32.dll
[0814/233742:ERROR:process_reader_win.cc(233)] ReadMemory at 0x766e0000 of 64 bytes failed: Only part of a ReadProcessMemory or WriteProcessMemory request was completed. (0x12B)
[0814/233742:WARNING:pe_image_reader.cc(281)] could not read dos header from C:\Windows\syswow64\USER32.dll
[0814/233742:ERROR:process_reader_win.cc(233)] ReadMemory at 0x745e0000 of 64 bytes failed: Only part of a ReadProcessMemory or WriteProcessMemory request was completed. (0x12B)
[0814/233742:WARNING:pe_image_reader.cc(281)] could not read dos header from C:\Windows\system32\WINMM.dll
[0814/233742:ERROR:process_reader_win.cc(233)] ReadMemory at 0x77430000 of 64 bytes failed: Only part of a ReadProcessMemory or WriteProcessMemory request was completed. (0x12B)
[0814/233742:WARNING:pe_image_reader.cc(281)] could not read dos header from C:\Windows\syswow64\profapi.dll
[0814/233742:ERROR:process_reader_win.cc(233)] ReadMemory at 0x76290000 of 64 bytes failed: Only part of a ReadProcessMemory or WriteProcessMemory request was completed. (0x12B)
[0814/233742:WARNING:pe_image_reader.cc(281)] could not read dos header from C:\Windows\syswow64\USERENV.dll
[0814/233742:ERROR:process_reader_win.cc(233)] ReadMemory at 0x734a0000 of 64 bytes failed: Only part of a ReadProcessMemory or WriteProcessMemory request was completed. (0x12B)
[0814/233742:WARNING:pe_image_reader.cc(281)] could not read dos header from C:\Windows\system32\WTSAPI32.dll
[0814/233742:ERROR:process_reader_win.cc(233)] ReadMemory at 0x73920000 of 64 bytes failed: Only part of a ReadProcessMemory or WriteProcessMemory request was completed. (0x12B)
[0814/233742:WARNING:pe_image_reader.cc(281)] could not read dos header from C:\Windows\system32\webio.dll
[0814/233742:ERROR:process_reader_win.cc(233)] ReadMemory at 0x73970000 of 64 bytes failed: Only part of a ReadProcessMemory or WriteProcessMemory request was completed. (0x12B)
[0814/233742:WARNING:pe_image_reader.cc(281)] could not read dos header from C:\Windows\system32\WINHTTP.dll
[0814/233742:ERROR:process_reader_win.cc(233)] ReadMemory at 0x75fe0000 of 64 bytes failed: Only part of a ReadProcessMemory or WriteProcessMemory request was completed. (0x12B)
[0814/233742:WARNING:pe_image_reader.cc(281)] could not read dos header from C:\Windows\syswow64\MSCTF.dll
[0814/233742:ERROR:process_reader_win.cc(233)] ReadMemory at 0x76da0000 of 64 bytes failed: Only part of a ReadProcessMemory or WriteProcessMemory request was completed. (0x12B)
[0814/233742:WARNING:pe_image_reader.cc(281)] could not read dos header from C:\Windows\system32\IMM32.DLL
[0814/233742:ERROR:process_reader_win.cc(233)] ReadMemory at 0x76880000 of 64 bytes failed: Only part of a ReadProcessMemory or WriteProcessMemory request was completed. (0x12B)
[0814/233742:WARNING:pe_image_reader.cc(281)] could not read dos header from C:\Windows\syswow64\SHLWAPI.dll
[0814/233742:ERROR:process_reader_win.cc(233)] ReadMemory at 0x75370000 of 64 bytes failed: Only part of a ReadProcessMemory or WriteProcessMemory request was completed. (0x12B)
[0814/233742:WARNING:pe_image_reader.cc(281)] could not read dos header from C:\Windows\syswow64\SHELL32.dll
[0814/233742:ERROR:process_reader_win.cc(233)] ReadMemory at 0x76500000 of 64 bytes failed: Only part of a ReadProcessMemory or WriteProcessMemory request was completed. (0x12B)
[0814/233742:WARNING:pe_image_reader.cc(281)] could not read dos header from C:\Windows\syswow64\PSAPI.DLL
[0814/233742:ERROR:process_reader_win.cc(233)] ReadMemory at 0x74a70000 of 64 bytes failed: Only part of a ReadProcessMemory or WriteProcessMemory request was completed. (0x12B)
[0814/233742:WARNING:pe_image_reader.cc(281)] could not read dos header from C:\Windows\system32\WINSPOOL.DRV
[0814/233742:ERROR:process_reader_win.cc(233)] ReadMemory at 0x732a0000 of 64 bytes failed: Only part of a ReadProcessMemory or WriteProcessMemory request was completed. (0x12B)
[0814/233742:WARNING:pe_image_reader.cc(281)] could not read dos header from C:\Windows\WinSxS\x86_microsoft.windows.common-controls_6595b64144ccf1df_6.0.7601.17514_none_41e6975e2bd6f2b2\COMCTL32.dll
[0814/233742:ERROR:process_reader_win.cc(233)] ReadMemory at 0x75230000 of 64 bytes failed: Only part of a ReadProcessMemory or WriteProcessMemory request was completed. (0x12B)
[0814/233742:WARNING:pe_image_reader.cc(281)] could not read dos header from C:\Windows\syswow64\COMDLG32.dll
[0814/233742:ERROR:process_reader_win.cc(233)] ReadMemory at 0x76a30000 of 64 bytes failed: Only part of a ReadProcessMemory or WriteProcessMemory request was completed. (0x12B)
[0814/233742:WARNING:pe_image_reader.cc(281)] could not read dos header from C:\Windows\syswow64\ole32.dll
[0814/233742:ERROR:process_reader_win.cc(233)] ReadMemory at 0x750a0000 of 64 bytes failed: Only part of a ReadProcessMemory or WriteProcessMemory request was completed. (0x12B)
[0814/233742:WARNING:pe_image_reader.cc(281)] could not read dos header from C:\Windows\syswow64\OLEAUT32.dll
[0814/233742:ERROR:process_reader_win.cc(233)] ReadMemory at 0x752b0000 of 64 bytes failed: Only part of a ReadProcessMemory or WriteProcessMemory request was completed. (0x12B)
[0814/233742:WARNING:pe_image_reader.cc(281)] could not read dos header from C:\Windows\syswow64\NSI.dll
[0814/233742:ERROR:process_reader_win.cc(233)] ReadMemory at 0x736c0000 of 64 bytes failed: Only part of a ReadProcessMemory or WriteProcessMemory request was completed. (0x12B)
[0814/233742:WARNING:pe_image_reader.cc(281)] could not read dos header from C:\Windows\system32\WINNSI.DLL
[0814/233742:ERROR:process_reader_win.cc(233)] ReadMemory at 0x736d0000 of 64 bytes failed: Only part of a ReadProcessMemory or WriteProcessMemory request was completed. (0x12B)
[0814/233742:WARNING:pe_image_reader.cc(281)] could not read dos header from C:\Windows\system32\IPHLPAPI.DLL
[0814/233742:ERROR:process_reader_win.cc(233)] ReadMemory at 0x74f90000 of 64 bytes failed: Only part of a ReadProcessMemory or WriteProcessMemory request was completed. (0x12B)
[0814/233742:WARNING:pe_image_reader.cc(281)] could not read dos header from C:\Windows\syswow64\WS2_32.dll
[0814/233742:ERROR:process_reader_win.cc(233)] ReadMemory at 0x764f0000 of 64 bytes failed: Only part of a ReadProcessMemory or WriteProcessMemory request was completed. (0x12B)
[0814/233742:WARNING:pe_image_reader.cc(281)] could not read dos header from C:\Windows\syswow64\MSASN1.dll
[0814/233742:ERROR:process_reader_win.cc(233)] ReadMemory at 0x74e70000 of 64 bytes failed: Only part of a ReadProcessMemory or WriteProcessMemory request was completed. (0x12B)
[0814/233742:WARNING:pe_image_reader.cc(281)] could not read dos header from C:\Windows\syswow64\CRYPT32.dll
[0814/233742:ERROR:process_reader_win.cc(233)] ReadMemory at 0x75070000 of 64 bytes failed: Only part of a ReadProcessMemory or WriteProcessMemory request was completed. (0x12B)
[0814/233742:WARNING:pe_image_reader.cc(281)] could not read dos header from C:\Windows\syswow64\WINTRUST.dll
[0814/233742:ERROR:process_reader_win.cc(233)] ReadMemory at 0x734e0000 of 64 bytes failed: Only part of a ReadProcessMemory or WriteProcessMemory request was completed. (0x12B)
[0814/233742:WARNING:pe_image_reader.cc(281)] could not read dos header from C:\Windows\system32\Secur32.dll
[0814/233742:ERROR:process_reader_win.cc(233)] ReadMemory at 0x578a0000 of 64 bytes failed: Only part of a ReadProcessMemory or WriteProcessMemory request was completed. (0x12B)
[0814/233742:WARNING:pe_image_reader.cc(281)] could not read dos header from C:\Program Files (x86)\Google\Chrome\Application\52.0.2743.116\chrome_child.dll
[0814/233742:ERROR:process_reader_win.cc(233)] ReadMemory at 0x6ed90000 of 64 bytes failed: Only part of a ReadProcessMemory or WriteProcessMemory request was completed. (0x12B)
[0814/233742:WARNING:pe_image_reader.cc(281)] could not read dos header from C:\Windows\system32\dwrite.dll
[0814/233742:ERROR:process_reader_win.cc(99)] process 7604 not found
[0814/233742:ERROR:process_reader_win.cc(233)] ReadMemory at 0x1340000 of 64 bytes failed: Only part of a ReadProcessMemory or WriteProcessMemory request was completed. (0x12B)
[0814/233742:WARNING:pe_image_reader.cc(281)] could not read dos header from C:\Program Files (x86)\Google\Chrome\Application\chrome.exe
[0814/233742:ERROR:process_reader_win.cc(233)] ReadMemory at 0x77460000 of 64 bytes failed: Only part of a ReadProcessMemory or WriteProcessMemory request was completed. (0x12B)
[0814/233742:WARNING:pe_image_reader.cc(281)] could not read dos header from C:\Windows\SysWOW64\ntdll.dll
[0814/233742:ERROR:process_reader_win.cc(233)] ReadMemory at 0x76e30000 of 64 bytes failed: Only part of a ReadProcessMemory or WriteProcessMemory request was completed. (0x12B)
[0814/233742:WARNING:pe_image_reader.cc(281)] could not read dos header from C:\Windows\syswow64\KERNELBASE.dll
[0814/233742:ERROR:process_reader_win.cc(233)] ReadMemory at 0x76c90000 of 64 bytes failed: Only part of a ReadProcessMemory or WriteProcessMemory request was completed. (0x12B)
[0814/233742:WARNING:pe_image_reader.cc(281)] could not read dos header from C:\Windows\syswow64\kernel32.dll
[0814/233742:ERROR:process_reader_win.cc(233)] ReadMemory at 0x760b0000 of 64 bytes failed: Only part of a ReadProcessMemory or WriteProcessMemory request was completed. (0x12B)
[0814/233742:WARNING:pe_image_reader.cc(281)] could not read dos header from C:\Windows\syswow64\msvcrt.dll
[0814/233742:ERROR:process_reader_win.cc(233)] ReadMemory at 0x74df0000 of 64 bytes failed: Only part of a ReadProcessMemory or WriteProcessMemory request was completed. (0x12B)
[0814/233742:WARNING:pe_image_reader.cc(281)] could not read dos header from C:\Windows\syswow64\CRYPTBASE.dll
[0814/233742:ERROR:process_reader_win.cc(233)] ReadMemory at 0x74e00000 of 64 bytes failed: Only part of a ReadProcessMemory or WriteProcessMemory request was completed. (0x12B)
[0814/233742:WARNING:pe_image_reader.cc(281)] could not read dos header from C:\Windows\syswow64\SspiCli.dll
[0814/233742:ERROR:process_reader_win.cc(233)] ReadMemory at 0x76160000 of 64 bytes failed: Only part of a ReadProcessMemory or WriteProcessMemory request was completed. (0x12B)
[0814/233742:WARNING:pe_image_reader.cc(281)] could not read dos header from C:\Windows\syswow64\RPCRT4.dll
[0814/233742:ERROR:process_reader_win.cc(233)] ReadMemory at 0x76e00000 of 64 bytes failed: Only part of a ReadProcessMemory or WriteProcessMemory request was completed. (0x12B)
[0814/233742:WARNING:pe_image_reader.cc(281)] could not read dos header from C:\Windows\SysWOW64\sechost.dll
[0814/233742:ERROR:process_reader_win.cc(233)] ReadMemory at 0x75190000 of 64 bytes failed: Only part of a ReadProcessMemory or WriteProcessMemory request was completed. (0x12B)
[0814/233742:WARNING:pe_image_reader.cc(281)] could not read dos header from C:\Windows\syswow64\ADVAPI32.dll
[0814/233742:ERROR:process_reader_win.cc(233)] ReadMemory at 0x6c650000 of 64 bytes failed: Only part of a ReadProcessMemory or WriteProcessMemory request was completed. (0x12B)
[0814/233742:WARNING:pe_image_reader.cc(281)] could not read dos header from C:\Program Files (x86)\Google\Chrome\Application\52.0.2743.116\chrome_elf.dll
[0814/233742:ERROR:process_reader_win.cc(233)] ReadMemory at 0x734f0000 of 64 bytes failed: Only part of a ReadProcessMemory or WriteProcessMemory request was completed. (0x12B)
[0814/233742:WARNING:pe_image_reader.cc(281)] could not read dos header from C:\Windows\system32\VERSION.dll
[0814/233742:ERROR:process_reader_win.cc(233)] ReadMemory at 0x74fd0000 of 64 bytes failed: Only part of a ReadProcessMemory or WriteProcessMemory request was completed. (0x12B)
[0814/233742:WARNING:pe_image_reader.cc(281)] could not read dos header from C:\Windows\syswow64\USP10.dll
[0814/233742:ERROR:process_reader_win.cc(233)] ReadMemory at 0x767e0000 of 64 bytes failed: Only part of a ReadProcessMemory or WriteProcessMemory request was completed. (0x12B)
[0814/233742:WARNING:pe_image_reader.cc(281)] could not read dos header from C:\Windows\syswow64\LPK.dll
[0814/233742:ERROR:process_reader_win.cc(233)] ReadMemory at 0x76ba0000 of 64 bytes failed: Only part of a ReadProcessMemory or WriteProcessMemory request was completed. (0x12B)
[0814/233742:WARNING:pe_image_reader.cc(281)] could not read dos header from C:\Windows\syswow64\GDI32.dll
[0814/233742:ERROR:process_reader_win.cc(233)] ReadMemory at 0x766e0000 of 64 bytes failed: Only part of a ReadProcessMemory or WriteProcessMemory request was completed. (0x12B)
[0814/233742:WARNING:pe_image_reader.cc(281)] could not read dos header from C:\Windows\syswow64\USER32.dll
[0814/233742:ERROR:process_reader_win.cc(233)] ReadMemory at 0x745e0000 of 64 bytes failed: Only part of a ReadProcessMemory or WriteProcessMemory request was completed. (0x12B)
[0814/233742:WARNING:pe_image_reader.cc(281)] could not read dos header from C:\Windows\system32\WINMM.dll
[0814/233742:ERROR:process_reader_win.cc(233)] ReadMemory at 0x77430000 of 64 bytes failed: Only part of a ReadProcessMemory or WriteProcessMemory request was completed. (0x12B)
[0814/233742:WARNING:pe_image_reader.cc(281)] could not read dos header from C:\Windows\syswow64\profapi.dll
[0814/233742:ERROR:process_reader_win.cc(233)] ReadMemory at 0x76290000 of 64 bytes failed: Only part of a ReadProcessMemory or WriteProcessMemory request was completed. (0x12B)
[0814/233742:WARNING:pe_image_reader.cc(281)] could not read dos header from C:\Windows\syswow64\USERENV.dll
[0814/233742:ERROR:process_reader_win.cc(233)] ReadMemory at 0x734a0000 of 64 bytes failed: Only part of a ReadProcessMemory or WriteProcessMemory request was completed. (0x12B)
[0814/233742:WARNING:pe_image_reader.cc(281)] could not read dos header from C:\Windows\system32\WTSAPI32.dll
[0814/233742:ERROR:process_reader_win.cc(233)] ReadMemory at 0x73920000 of 64 bytes failed: Only part of a ReadProcessMemory or WriteProcessMemory request was completed. (0x12B)
[0814/233742:WARNING:pe_image_reader.cc(281)] could not read dos header from C:\Windows\system32\webio.dll
[0814/233742:ERROR:process_reader_win.cc(233)] ReadMemory at 0x73970000 of 64 bytes failed: Only part of a ReadProcessMemory or WriteProcessMemory request was completed. (0x12B)
[0814/233742:WARNING:pe_image_reader.cc(281)] could not read dos header from C:\Windows\system32\WINHTTP.dll
[0814/233742:ERROR:process_reader_win.cc(233)] ReadMemory at 0x75fe0000 of 64 bytes failed: Only part of a ReadProcessMemory or WriteProcessMemory request was completed. (0x12B)
[0814/233742:WARNING:pe_image_reader.cc(281)] could not read dos header from C:\Windows\syswow64\MSCTF.dll
[0814/233742:ERROR:process_reader_win.cc(233)] ReadMemory at 0x76da0000 of 64 bytes failed: Only part of a ReadProcessMemory or WriteProcessMemory request was completed. (0x12B)
[0814/233742:WARNING:pe_image_reader.cc(281)] could not read dos header from C:\Windows\system32\IMM32.DLL
[0814/233742:ERROR:process_reader_win.cc(233)] ReadMemory at 0x76880000 of 64 bytes failed: Only part of a ReadProcessMemory or WriteProcessMemory request was completed. (0x12B)
[0814/233742:WARNING:pe_image_reader.cc(281)] could not read dos header from C:\Windows\syswow64\SHLWAPI.dll
[0814/233742:ERROR:process_reader_win.cc(233)] ReadMemory at 0x75370000 of 64 bytes failed: Only part of a ReadProcessMemory or WriteProcessMemory request was completed. (0x12B)
[0814/233742:WARNING:pe_image_reader.cc(281)] could not read dos header from C:\Windows\syswow64\SHELL32.dll
[0814/233742:ERROR:process_reader_win.cc(233)] ReadMemory at 0x76500000 of 64 bytes failed: Only part of a ReadProcessMemory or WriteProcessMemory request was completed. (0x12B)
[0814/233742:WARNING:pe_image_reader.cc(281)] could not read dos header from C:\Windows\syswow64\PSAPI.DLL
[0814/233742:ERROR:process_reader_win.cc(233)] ReadMemory at 0x74a70000 of 64 bytes failed: Only part of a ReadProcessMemory or WriteProcessMemory request was completed. (0x12B)
[0814/233742:WARNING:pe_image_reader.cc(281)] could not read dos header from C:\Windows\system32\WINSPOOL.DRV
[0814/233742:ERROR:process_reader_win.cc(233)] ReadMemory at 0x732a0000 of 64 bytes failed: Only part of a ReadProcessMemory or WriteProcessMemory request was completed. (0x12B)
[0814/233742:WARNING:pe_image_reader.cc(281)] could not read dos header from C:\Windows\WinSxS\x86_microsoft.windows.common-controls_6595b64144ccf1df_6.0.7601.17514_none_41e6975e2bd6f2b2\COMCTL32.dll
[0814/233742:ERROR:process_reader_win.cc(233)] ReadMemory at 0x75230000 of 64 bytes failed: Only part of a ReadProcessMemory or WriteProcessMemory request was completed. (0x12B)
[0814/233742:WARNING:pe_image_reader.cc(281)] could not read dos header from C:\Windows\syswow64\COMDLG32.dll
[0814/233742:ERROR:process_reader_win.cc(233)] ReadMemory at 0x76a30000 of 64 bytes failed: Only part of a ReadProcessMemory or WriteProcessMemory request was completed. (0x12B)
[0814/233742:WARNING:pe_image_reader.cc(281)] could not read dos header from C:\Windows\syswow64\ole32.dll
[0814/233742:ERROR:process_reader_win.cc(233)] ReadMemory at 0x750a0000 of 64 bytes failed: Only part of a ReadProcessMemory or WriteProcessMemory request was completed. (0x12B)
[0814/233742:WARNING:pe_image_reader.cc(281)] could not read dos header from C:\Windows\syswow64\OLEAUT32.dll
[0814/233742:ERROR:process_reader_win.cc(233)] ReadMemory at 0x752b0000 of 64 bytes failed: Only part of a ReadProcessMemory or WriteProcessMemory request was completed. (0x12B)
[0814/233742:WARNING:pe_image_reader.cc(281)] could not read dos header from C:\Windows\syswow64\NSI.dll
[0814/233742:ERROR:process_reader_win.cc(233)] ReadMemory at 0x736c0000 of 64 bytes failed: Only part of a ReadProcessMemory or WriteProcessMemory request was completed. (0x12B)
[0814/233742:WARNING:pe_image_reader.cc(281)] could not read dos header from C:\Windows\system32\WINNSI.DLL
[0814/233742:ERROR:process_reader_win.cc(233)] ReadMemory at 0x736d0000 of 64 bytes failed: Only part of a ReadProcessMemory or WriteProcessMemory request was completed. (0x12B)
[0814/233742:WARNING:pe_image_reader.cc(281)] could not read dos header from C:\Windows\system32\IPHLPAPI.DLL
[0814/233742:ERROR:process_reader_win.cc(233)] ReadMemory at 0x74f90000 of 64 bytes failed: Only part of a ReadProcessMemory or WriteProcessMemory request was completed. (0x12B)
[0814/233742:WARNING:pe_image_reader.cc(281)] could not read dos header from C:\Windows\syswow64\WS2_32.dll
[0814/233742:ERROR:process_reader_win.cc(233)] ReadMemory at 0x764f0000 of 64 bytes failed: Only part of a ReadProcessMemory or WriteProcessMemory request was completed. (0x12B)
[0814/233742:WARNING:pe_image_reader.cc(281)] could not read dos header from C:\Windows\syswow64\MSASN1.dll
[0814/233742:ERROR:process_reader_win.cc(233)] ReadMemory at 0x74e70000 of 64 bytes failed: Only part of a ReadProcessMemory or WriteProcessMemory request was completed. (0x12B)
[0814/233742:WARNING:pe_image_reader.cc(281)] could not read dos header from C:\Windows\syswow64\CRYPT32.dll
[0814/233742:ERROR:process_reader_win.cc(233)] ReadMemory at 0x75070000 of 64 bytes failed: Only part of a ReadProcessMemory or WriteProcessMemory request was completed. (0x12B)
[0814/233742:WARNING:pe_image_reader.cc(281)] could not read dos header from C:\Windows\syswow64\WINTRUST.dll
[0814/233742:ERROR:process_reader_win.cc(233)] ReadMemory at 0x734e0000 of 64 bytes failed: Only part of a ReadProcessMemory or WriteProcessMemory request was completed. (0x12B)
[0814/233742:WARNING:pe_image_reader.cc(281)] could not read dos header from C:\Windows\system32\Secur32.dll
[0814/233742:ERROR:process_reader_win.cc(233)] ReadMemory at 0x578a0000 of 64 bytes failed: Only part of a ReadProcessMemory or WriteProcessMemory request was completed. (0x12B)
[0814/233742:WARNING:pe_image_reader.cc(281)] could not read dos header from C:\Program Files (x86)\Google\Chrome\Application\52.0.2743.116\chrome_child.dll
[0814/233742:ERROR:process_reader_win.cc(233)] ReadMemory at 0x6ed90000 of 64 bytes failed: Only part of a ReadProcessMemory or WriteProcessMemory request was completed. (0x12B)
[0814/233742:WARNING:pe_image_reader.cc(281)] could not read dos header from C:\Windows\system32\dwrite.dll
[0814/233742:ERROR:process_reader_win.cc(233)] ReadMemory at 0x13ffbb4 of 12 bytes failed: Only part of a ReadProcessMemory or WriteProcessMemory request was completed. (0x12B)
[0814/233742:WARNING:process_snapshot_win.cc(104)] ReadMemory ExceptionInformation failed
[0814/233742:WARNING:crash_report_exception_handler.cc(60)] ProcessSnapshotWin::InitializeException failed
[0814/233742:ERROR:scoped_process_suspend.cc(38)] NtResumeProcess, ntstatus=-1073741558
